cl : command line  warning D9035: option 'Gm' has been deprecated and will be removed in a future release
  InitShader.cpp
  example1.cpp
E:\school\Do-hoa-may-tinh\BaiTHso3_2_project_Cube\GLSLExperiment\example1.cpp(127,32): warning C4244: 'argument': conversion from 'double' to 'const GLfloat', possible loss of data
E:\school\Do-hoa-may-tinh\BaiTHso3_2_project_Cube\GLSLExperiment\example1.cpp(127,85): warning C4244: 'argument': conversion from 'GLdouble' to 'const GLfloat', possible loss of data
E:\school\Do-hoa-may-tinh\BaiTHso3_2_project_Cube\GLSLExperiment\example1.cpp(127,72): warning C4244: 'argument': conversion from 'GLdouble' to 'const GLfloat', possible loss of data
E:\school\Do-hoa-may-tinh\BaiTHso3_2_project_Cube\GLSLExperiment\example1.cpp(127,60): warning C4244: 'argument': conversion from 'GLdouble' to 'const GLfloat', possible loss of data
E:\school\Do-hoa-may-tinh\BaiTHso3_2_project_Cube\GLSLExperiment\example1.cpp(135,32): warning C4244: 'argument': conversion from 'double' to 'const GLfloat', possible loss of data
E:\school\Do-hoa-may-tinh\BaiTHso3_2_project_Cube\GLSLExperiment\example1.cpp(135,100): warning C4244: 'argument': conversion from 'GLdouble' to 'const GLfloat', possible loss of data
E:\school\Do-hoa-may-tinh\BaiTHso3_2_project_Cube\GLSLExperiment\example1.cpp(135,82): warning C4244: 'argument': conversion from 'GLdouble' to 'const GLfloat', possible loss of data
E:\school\Do-hoa-may-tinh\BaiTHso3_2_project_Cube\GLSLExperiment\example1.cpp(135,65): warning C4244: 'argument': conversion from 'GLdouble' to 'const GLfloat', possible loss of data
E:\school\Do-hoa-may-tinh\BaiTHso3_2_project_Cube\GLSLExperiment\example1.cpp(142,32): warning C4244: 'argument': conversion from 'double' to 'const GLfloat', possible loss of data
E:\school\Do-hoa-may-tinh\BaiTHso3_2_project_Cube\GLSLExperiment\example1.cpp(142,100): warning C4244: 'argument': conversion from 'GLdouble' to 'const GLfloat', possible loss of data
E:\school\Do-hoa-may-tinh\BaiTHso3_2_project_Cube\GLSLExperiment\example1.cpp(142,82): warning C4244: 'argument': conversion from 'GLdouble' to 'const GLfloat', possible loss of data
E:\school\Do-hoa-may-tinh\BaiTHso3_2_project_Cube\GLSLExperiment\example1.cpp(142,65): warning C4244: 'argument': conversion from 'GLdouble' to 'const GLfloat', possible loss of data
E:\school\Do-hoa-may-tinh\BaiTHso3_2_project_Cube\GLSLExperiment\example1.cpp(153,43): warning C4244: 'argument': conversion from 'GLdouble' to 'const GLfloat', possible loss of data
E:\school\Do-hoa-may-tinh\BaiTHso3_2_project_Cube\GLSLExperiment\example1.cpp(155,43): warning C4244: 'argument': conversion from 'GLdouble' to 'const GLfloat', possible loss of data
  Generating Code...
example1.obj : warning LNK4075: ignoring '/EDITANDCONTINUE' due to '/SAFESEH' specification
  GLSLExperiment.vcxproj -> E:\school\Do-hoa-may-tinh\BaiTHso3_2_project_Cube\Debug\GLSLExperiment.exe
