d:\base\opengl\debug\vc142.pdb
d:\base\opengl\debug\vc142.idb
d:\base\opengl\debug\main.obj
d:\base\opengl\debug\initshader.obj
e:\yen\giaotrinh\dhmtcdio\thuchanh_yen\baithso3_2_hinhlapphuongdonvi_vs2015\debug\opengl.ilk
e:\yen\giaotrinh\dhmtcdio\thuchanh_yen\baithso3_2_hinhlapphuongdonvi_vs2015\debug\opengl.exe
e:\yen\giaotrinh\dhmtcdio\thuchanh_yen\baithso3_2_hinhlapphuongdonvi_vs2015\debug\opengl.pdb
e:\yen\giaotrinh\dhmtcdio\thuchanh_yen\baith6_hinhlapphuong_chieusang\debug\opengl.ilk
e:\yen\giaotrinh\dhmtcdio\thuchanh_yen\baith6_hinhlapphuong_chieusang\debug\opengl.exe
e:\yen\giaotrinh\dhmtcdio\thuchanh_yen\baith6_hinhlapphuong_chieusang\debug\opengl.pdb
d:\base\debug\opengl.exe
d:\base\opengl\debug\opengl.ilk
d:\base\debug\opengl.pdb
d:\study\hoc_lop\dohoamaytinh\do-hoa-may-tinh\base\opengl\debug\initshader.obj
d:\study\hoc_lop\dohoamaytinh\do-hoa-may-tinh\base\opengl\debug\main.obj
d:\study\hoc_lop\dohoamaytinh\do-hoa-may-tinh\base\opengl\debug\opengl.ilk
d:\study\hoc_lop\dohoamaytinh\do-hoa-may-tinh\base\opengl\debug\vc141.idb
d:\study\hoc_lop\dohoamaytinh\do-hoa-may-tinh\base\opengl\debug\vc142.idb
d:\study\hoc_lop\dohoamaytinh\do-hoa-may-tinh\base\opengl\debug\vc143.idb
d:\study\hoc_lop\dohoamaytinh\do-hoa-may-tinh\base\opengl\debug\vc141.pdb
d:\study\hoc_lop\dohoamaytinh\do-hoa-may-tinh\base\opengl\debug\vc142.pdb
d:\study\hoc_lop\dohoamaytinh\do-hoa-may-tinh\base\opengl\debug\vc143.pdb
d:\study\hoc_lop\dohoamaytinh\do-hoa-may-tinh\base\debug\opengl.pdb
d:\study\hoc_lop\dohoamaytinh\do-hoa-may-tinh\base\debug\opengl.exe
d:\study\hoc_lop\dohoamaytinh\do-hoa-may-tinh\base\debug\opengl.ilk
d:\study\hoc_lop\dohoamaytinh\do-hoa-may-tinh\base\opengl\debug\opengl.tlog\cl.command.1.tlog
d:\study\hoc_lop\dohoamaytinh\do-hoa-may-tinh\base\opengl\debug\opengl.tlog\cl.read.1.tlog
d:\study\hoc_lop\dohoamaytinh\do-hoa-may-tinh\base\opengl\debug\opengl.tlog\cl.write.1.tlog
d:\study\hoc_lop\dohoamaytinh\do-hoa-may-tinh\base\opengl\debug\opengl.tlog\link.command.1.tlog
d:\study\hoc_lop\dohoamaytinh\do-hoa-may-tinh\base\opengl\debug\opengl.tlog\link.read.1.tlog
d:\study\hoc_lop\dohoamaytinh\do-hoa-may-tinh\base\opengl\debug\opengl.tlog\link.write.1.tlog
